Flutter crash report.
Please report a bug at https://github.com/flutter/flutter/issues.

## command

flutter run

## exception

RPCError: _flutter.renderFrameWithRasterStats: (-32000) Raster status not supported on Impeller backend.

```
#0      new _OutstandingRequest (package:vm_service/src/vm_service.dart:265:34)
#1      VmService._call.<anonymous closure> (package:vm_service/src/vm_service.dart:1771:25)
#2      VmService._call (package:vm_service/src/vm_service.dart:1783:8)
#3      VmService.callServiceExtension (package:vm_service/src/vm_service.dart:1733:14)
#4      VmService.callMethod (package:vm_service/src/vm_service.dart:1716:12)
#5      FlutterVmService.callMethodWrapper (package:flutter_tools/src/vmservice.dart:501:28)
#6      FlutterVmService.renderFrameWithRasterStats (package:flutter_tools/src/vmservice.dart:601:49)
#7      ResidentHandlers.debugFrameJankMetrics (package:flutter_tools/src/resident_runner.dart:726:35)
<asynchronous suspension>
#8      TerminalHandler.processTerminalInput (package:flutter_tools/src/resident_runner.dart:1830:7)
<asynchronous suspension>
```

## flutter doctor

```
[32m[✓][39m Flutter (Channel stable, 3.19.0, on macOS 14.3.1 23D60 darwin-arm64, locale en-US)
    [32m•[39m Flutter version 3.19.0 on channel stable at /Users/aryansajith/flutter
    [32m•[39m Upstream repository https://github.com/flutter/flutter.git
    [32m•[39m Framework revision bae5e49bc2 (4 days ago), 2024-02-13 17:46:18 -0800
    [32m•[39m Engine revision 04817c99c9
    [32m•[39m Dart version 3.3.0
    [32m•[39m DevTools version 2.31.1

[33m[!][39m Android toolchain - develop for Android devices (Android SDK version 34.0.0)
    [32m•[39m Android SDK at /Users/aryansajith/Library/Android/sdk
    [31m✗[39m cmdline-tools component is missing
      Run `path/to/sdkmanager --install "cmdline-tools;latest"`
      See https://developer.android.com/studio/command-line for more details.
    [31m✗[39m Android license status unknown.
      Run `flutter doctor --android-licenses` to accept the SDK licenses.
      See https://flutter.dev/docs/get-started/install/macos#android-setup for more details.

[32m[✓][39m Xcode - develop for iOS and macOS (Xcode 15.2)
    [32m•[39m Xcode at /Applications/Xcode.app/Contents/Developer
    [32m•[39m Build 15C500b
    [32m•[39m CocoaPods version 1.15.2

[32m[✓][39m Chrome - develop for the web
    [32m•[39m Chrome at /Applications/Google Chrome.app/Contents/MacOS/Google Chrome

[33m[!][39m Android Studio (not installed)
    [32m•[39m Android Studio not found; download from https://developer.android.com/studio/index.html
      (or visit https://flutter.dev/docs/get-started/install/macos#android-setup for detailed instructions).

[32m[✓][39m Connected device (3 available)
    [32m•[39m iPhone 15 Pro Max (mobile) • 840805E6-8536-4867-8B6F-BA1598B50E3D • ios            • com.apple.CoreSimulator.SimRuntime.iOS-17-2 (simulator)
    [32m•[39m macOS (desktop)            • macos                                • darwin-arm64   • macOS 14.3.1 23D60 darwin-arm64
    [32m•[39m Chrome (web)               • chrome                               • web-javascript • Google Chrome 121.0.6167.184

[32m[✓][39m Network resources
    [32m•[39m All expected network resources are available.

[33m![39m Doctor found issues in 2 categories.
```
